<?xml version="1.0" encoding="UTF-8"?>
<!-- Generated by org.testng.reporters.JUnitXMLReporter -->
<testsuite ignored="0" hostname="Suraiya" failures="0" tests="7" name="Surefire test" time="38.015" errors="0" timestamp="2024-12-09T03:46:51 EST">
  <testcase classname="com.TN.TestCases.Add2CartAndCheckoutTest" name="addValidProductToCart" time="7.337"/>
  <testcase classname="com.TN.TestCases.LoginTest" name="verifyLoginWithValidCredentials" time="1.505"/>
  <testcase classname="com.TN.TestCases.LoginTest" name="verifyLoginWithValidEmailInvalidPassword" time="1.201"/>
  <testcase classname="com.TN.TestCases.RegisterTest" name="verifyRegisterWithMandatoryDetails" time="2.065"/>
  <testcase classname="com.TN.TestCases.RegisterTest" name="verifyRegisterWithIncorrectConfirmPassword" time="1.709"/>
  <testcase classname="com.TN.TestCases.SearchProductTest" name="searchWithValidProduct" time="2.807"/>
  <testcase classname="com.TN.TestCases.SearchProductTest" name="searchWithInvalidProduct" time="2.872"/>
</testsuite> <!-- Surefire test -->
