<?xml version="1.0" encoding="UTF-8"?>
<!-- Generated by org.testng.reporters.JUnitXMLReporter -->
<testsuite ignored="0" hostname="Suraiya" failures="0" tests="7" name="Surefire test" time="42.973" errors="0" timestamp="2024-12-14T23:35:32 EST">
  <testcase classname="com.TN.TestCases.Add2CartAndCheckoutTest" name="addValidProductToCart" time="7.061"/>
  <testcase classname="com.TN.TestCases.LoginTest" name="verifyLoginWithValidCredentials" time="1.928"/>
  <testcase classname="com.TN.TestCases.LoginTest" name="verifyLoginWithValidEmailInvalidPassword" time="1.438"/>
  <testcase classname="com.TN.TestCases.RegisterTest" name="verifyRegisterWithMandatoryDetails" time="2.356"/>
  <testcase classname="com.TN.TestCases.RegisterTest" name="verifyRegisterWithIncorrectConfirmPassword" time="2.179"/>
  <testcase classname="com.TN.TestCases.SearchProductTest" name="searchWithValidProduct" time="2.983"/>
  <testcase classname="com.TN.TestCases.SearchProductTest" name="searchWithInvalidProduct" time="2.912"/>
</testsuite> <!-- Surefire test -->
