<?xml version="1.0" encoding="UTF-8"?>
<!-- Generated by org.testng.reporters.JUnitXMLReporter -->
<testsuite ignored="0" hostname="Suraiya" failures="0" tests="7" name="Test" time="37.547" errors="0" timestamp="2024-12-13T23:06:22 EST">
  <testcase classname="com.TN.TestCases.LoginTest" name="verifyLoginWithValidCredentials" time="1.54"/>
  <testcase classname="com.TN.TestCases.LoginTest" name="verifyLoginWithValidEmailInvalidPassword" time="1.131"/>
  <testcase classname="com.TN.TestCases.SearchProductTest" name="searchWithValidProduct" time="2.75"/>
  <testcase classname="com.TN.TestCases.SearchProductTest" name="searchWithInvalidProduct" time="2.893"/>
  <testcase classname="com.TN.TestCases.Add2CartAndCheckoutTest" name="addValidProductToCart" time="5.399"/>
  <testcase classname="com.TN.TestCases.RegisterTest" name="verifyRegisterWithMandatoryDetails" time="2.005"/>
  <testcase classname="com.TN.TestCases.RegisterTest" name="verifyRegisterWithIncorrectConfirmPassword" time="1.652"/>
</testsuite> <!-- Test -->
