<?xml version="1.0" encoding="UTF-8"?>
<testng-results ignored="0" total="7" passed="7" failed="0" skipped="0">
  <reporter-output>
  </reporter-output>
  <suite started-at="2024-12-09T00:50:58 EST" name="Suite" finished-at="2024-12-09T00:51:33 EST" duration-ms="35311">
    <groups>
    </groups>
    <test started-at="2024-12-09T00:50:58 EST" name="Test" finished-at="2024-12-09T00:51:33 EST" duration-ms="35311">
      <class name="com.TN.TestCases.Add2CartAndCheckoutTest">
        <test-method is-config="true" signature="Setup()[pri:0, instance:com.TN.TestCases.Add2CartAndCheckoutTest@557caf28]" started-at="2024-12-09T00:51:17 EST" name="Setup" finished-at="2024-12-09T00:51:18 EST" duration-ms="833" status="PASS">
          <reporter-output>
          </reporter-output>
        </test-method> <!-- Setup -->
        <test-method signature="addValidProductToCart()[pri:0, instance:com.TN.TestCases.Add2CartAndCheckoutTest@557caf28]" started-at="2024-12-09T00:51:18 EST" name="addValidProductToCart" finished-at="2024-12-09T00:51:23 EST" duration-ms="5090" status="PASS">
          <reporter-output>
          </reporter-output>
        </test-method> <!-- addValidProductToCart -->
        <test-method is-config="true" signature="tearDown()[pri:0, instance:com.TN.TestCases.Add2CartAndCheckoutTest@557caf28]" started-at="2024-12-09T00:51:23 EST" name="tearDown" finished-at="2024-12-09T00:51:23 EST" duration-ms="162" status="PASS">
          <reporter-output>
          </reporter-output>
        </test-method> <!-- tearDown -->
      </class> <!-- com.TN.TestCases.Add2CartAndCheckoutTest -->
      <class name="com.TN.TestCases.SearchProductTest">
        <test-method is-config="true" signature="searchProductSetup()[pri:0, instance:com.TN.TestCases.SearchProductTest@75d4a5c2]" started-at="2024-12-09T00:51:09 EST" name="searchProductSetup" finished-at="2024-12-09T00:51:10 EST" duration-ms="966" status="PASS">
          <reporter-output>
          </reporter-output>
        </test-method> <!-- searchProductSetup -->
        <test-method signature="searchWithValidProduct()[pri:1, instance:com.TN.TestCases.SearchProductTest@75d4a5c2]" started-at="2024-12-09T00:51:10 EST" name="searchWithValidProduct" finished-at="2024-12-09T00:51:13 EST" duration-ms="3139" status="PASS">
          <reporter-output>
          </reporter-output>
        </test-method> <!-- searchWithValidProduct -->
        <test-method is-config="true" signature="tearDown()[pri:0, instance:com.TN.TestCases.SearchProductTest@75d4a5c2]" started-at="2024-12-09T00:51:13 EST" name="tearDown" finished-at="2024-12-09T00:51:13 EST" duration-ms="146" status="PASS">
          <reporter-output>
          </reporter-output>
        </test-method> <!-- tearDown -->
        <test-method is-config="true" signature="searchProductSetup()[pri:0, instance:com.TN.TestCases.SearchProductTest@75d4a5c2]" started-at="2024-12-09T00:51:13 EST" name="searchProductSetup" finished-at="2024-12-09T00:51:14 EST" duration-ms="891" status="PASS">
          <reporter-output>
          </reporter-output>
        </test-method> <!-- searchProductSetup -->
        <test-method signature="searchWithInvalidProduct()[pri:2, instance:com.TN.TestCases.SearchProductTest@75d4a5c2]" started-at="2024-12-09T00:51:14 EST" name="searchWithInvalidProduct" finished-at="2024-12-09T00:51:17 EST" duration-ms="2892" status="PASS">
          <reporter-output>
          </reporter-output>
        </test-method> <!-- searchWithInvalidProduct -->
        <test-method is-config="true" signature="tearDown()[pri:0, instance:com.TN.TestCases.SearchProductTest@75d4a5c2]" started-at="2024-12-09T00:51:17 EST" name="tearDown" finished-at="2024-12-09T00:51:17 EST" duration-ms="127" status="PASS">
          <reporter-output>
          </reporter-output>
        </test-method> <!-- tearDown -->
      </class> <!-- com.TN.TestCases.SearchProductTest -->
      <class name="com.TN.TestCases.LoginTest">
        <test-method is-config="true" signature="loginSetup()[pri:0, instance:com.TN.TestCases.LoginTest@48f2bd5b]" started-at="2024-12-09T00:50:58 EST" name="loginSetup" finished-at="2024-12-09T00:51:02 EST" duration-ms="4268" status="PASS">
          <reporter-output>
          </reporter-output>
        </test-method> <!-- loginSetup -->
        <test-method signature="verifyLoginWithValidCredentials()[pri:1, instance:com.TN.TestCases.LoginTest@48f2bd5b]" started-at="2024-12-09T00:51:02 EST" name="verifyLoginWithValidCredentials" finished-at="2024-12-09T00:51:04 EST" duration-ms="1581" status="PASS">
          <reporter-output>
          </reporter-output>
        </test-method> <!-- verifyLoginWithValidCredentials -->
        <test-method is-config="true" signature="tearDown()[pri:0, instance:com.TN.TestCases.LoginTest@48f2bd5b]" started-at="2024-12-09T00:51:04 EST" name="tearDown" finished-at="2024-12-09T00:51:04 EST" duration-ms="155" status="PASS">
          <reporter-output>
          </reporter-output>
        </test-method> <!-- tearDown -->
        <test-method is-config="true" signature="loginSetup()[pri:0, instance:com.TN.TestCases.LoginTest@48f2bd5b]" started-at="2024-12-09T00:51:04 EST" name="loginSetup" finished-at="2024-12-09T00:51:07 EST" duration-ms="3559" status="PASS">
          <reporter-output>
          </reporter-output>
        </test-method> <!-- loginSetup -->
        <test-method signature="verifyLoginWithValidEmailInvalidPassword()[pri:2, instance:com.TN.TestCases.LoginTest@48f2bd5b]" started-at="2024-12-09T00:51:07 EST" name="verifyLoginWithValidEmailInvalidPassword" finished-at="2024-12-09T00:51:08 EST" duration-ms="1154" status="PASS">
          <reporter-output>
          </reporter-output>
        </test-method> <!-- verifyLoginWithValidEmailInvalidPassword -->
        <test-method is-config="true" signature="tearDown()[pri:0, instance:com.TN.TestCases.LoginTest@48f2bd5b]" started-at="2024-12-09T00:51:08 EST" name="tearDown" finished-at="2024-12-09T00:51:09 EST" duration-ms="153" status="PASS">
          <reporter-output>
          </reporter-output>
        </test-method> <!-- tearDown -->
      </class> <!-- com.TN.TestCases.LoginTest -->
      <class name="com.TN.TestCases.RegisterTest">
        <test-method is-config="true" signature="registerSetup()[pri:0, instance:com.TN.TestCases.RegisterTest@408d971b]" started-at="2024-12-09T00:51:23 EST" name="registerSetup" finished-at="2024-12-09T00:51:26 EST" duration-ms="2848" status="PASS">
          <reporter-output>
          </reporter-output>
        </test-method> <!-- registerSetup -->
        <test-method signature="verifyRegisterWithMandatoryDetails()[pri:1, instance:com.TN.TestCases.RegisterTest@408d971b]" started-at="2024-12-09T00:51:26 EST" name="verifyRegisterWithMandatoryDetails" finished-at="2024-12-09T00:51:28 EST" duration-ms="2016" status="PASS">
          <reporter-output>
          </reporter-output>
        </test-method> <!-- verifyRegisterWithMandatoryDetails -->
        <test-method is-config="true" signature="tearDown()[pri:0, instance:com.TN.TestCases.RegisterTest@408d971b]" started-at="2024-12-09T00:51:28 EST" name="tearDown" finished-at="2024-12-09T00:51:28 EST" duration-ms="161" status="PASS">
          <reporter-output>
          </reporter-output>
        </test-method> <!-- tearDown -->
        <test-method is-config="true" signature="registerSetup()[pri:0, instance:com.TN.TestCases.RegisterTest@408d971b]" started-at="2024-12-09T00:51:28 EST" name="registerSetup" finished-at="2024-12-09T00:51:31 EST" duration-ms="3205" status="PASS">
          <reporter-output>
          </reporter-output>
        </test-method> <!-- registerSetup -->
        <test-method signature="verifyRegisterWithIncorrectConfirmPassword()[pri:2, instance:com.TN.TestCases.RegisterTest@408d971b]" started-at="2024-12-09T00:51:31 EST" name="verifyRegisterWithIncorrectConfirmPassword" finished-at="2024-12-09T00:51:33 EST" duration-ms="1749" status="PASS">
          <reporter-output>
          </reporter-output>
        </test-method> <!-- verifyRegisterWithIncorrectConfirmPassword -->
        <test-method is-config="true" signature="tearDown()[pri:0, instance:com.TN.TestCases.RegisterTest@408d971b]" started-at="2024-12-09T00:51:33 EST" name="tearDown" finished-at="2024-12-09T00:51:33 EST" duration-ms="160" status="PASS">
          <reporter-output>
          </reporter-output>
        </test-method> <!-- tearDown -->
      </class> <!-- com.TN.TestCases.RegisterTest -->
    </test> <!-- Test -->
  </suite> <!-- Suite -->
</testng-results>
